<?xml version="1.0" encoding="UTF-8"?>
<testng-results ignored="0" total="1" passed="1" failed="0" skipped="0">
  <reporter-output>
  </reporter-output>
  <suite started-at="2024-06-21T08:59:12 EDT" name="Default suite" finished-at="2024-06-21T08:59:24 EDT" duration-ms="12407">
    <groups>
    </groups>
    <test started-at="2024-06-21T08:59:12 EDT" name="Default test" finished-at="2024-06-21T08:59:24 EDT" duration-ms="12407">
      <class name="test.LoginTest">
        <test-method signature="validUserShouldBeAbleToLogin()[pri:0, instance:test.LoginTest@2fd1433e]" started-at="2024-06-21T08:59:12 EDT" name="validUserShouldBeAbleToLogin" finished-at="2024-06-21T08:59:24 EDT" duration-ms="12379" status="PASS">
          <reporter-output>
          </reporter-output>
        </test-method> <!-- validUserShouldBeAbleToLogin -->
      </class> <!-- test.LoginTest -->
    </test> <!-- Default test -->
  </suite> <!-- Default suite -->
</testng-results>
